11/09/2021 01:55:02 PM : INFO : ********** Test_001_Login **********
11/09/2021 01:55:02 PM : INFO : ********** Test_001_Login **********
11/09/2021 01:55:02 PM : INFO : ********** Verifying test_homePageTitle TC **********
11/09/2021 01:55:02 PM : INFO : ********** Verifying test_homePageTitle TC **********
11/09/2021 01:55:09 PM : INFO : ********** test_homePageTitle TC - Passed **********
11/09/2021 01:55:09 PM : INFO : ********** test_homePageTitle TC - Passed **********
11/09/2021 01:55:09 PM : INFO : ********** execution test_homePageTitle completed **********
11/09/2021 01:55:09 PM : INFO : ********** execution test_homePageTitle completed **********
11/09/2021 01:55:15 PM : INFO : ********** test_Login TC **********
11/09/2021 01:55:15 PM : INFO : ********** test_Login TC **********
11/09/2021 01:55:27 PM : INFO : ********** test_Login TC - Passed **********
11/09/2021 01:55:27 PM : INFO : ********** test_Login TC - Passed **********
11/09/2021 01:55:27 PM : INFO : ********** execution test_Login completed **********
11/09/2021 01:55:27 PM : INFO : ********** execution test_Login completed **********
11/09/2021 01:55:32 PM : INFO : ********** Test_002_DDT_Login **********
11/09/2021 01:55:32 PM : INFO : ********** Test_002_DDT_Login **********
11/09/2021 01:55:32 PM : INFO : ********** Verifying Login DDT Test - Started **********
11/09/2021 01:55:32 PM : INFO : ********** Verifying Login DDT Test - Started **********
11/09/2021 01:55:48 PM : INFO : ********** Verifying Login DDT Test - Passed **********
11/09/2021 01:55:48 PM : INFO : ********** Verifying Login DDT Test - Passed **********
11/09/2021 01:55:57 PM : INFO : ********** Verifying Login DDT Test - Passed **********
11/09/2021 01:55:57 PM : INFO : ********** Verifying Login DDT Test - Passed **********
11/09/2021 01:56:04 PM : INFO : ********** Verifying Login DDT Test - Passed **********
11/09/2021 01:56:04 PM : INFO : ********** Verifying Login DDT Test - Passed **********
11/09/2021 01:56:10 PM : INFO : ********** Verifying Login DDT Test - Passed **********
11/09/2021 01:56:10 PM : INFO : ********** Verifying Login DDT Test - Passed **********
11/09/2021 01:56:10 PM : INFO : ********** Final - Login DDT Test - Passed **********
11/09/2021 01:56:10 PM : INFO : ********** Final - Login DDT Test - Passed **********
11/09/2021 01:56:10 PM : INFO : ********** End of Login DDT Test **********
11/09/2021 01:56:10 PM : INFO : ********** End of Login DDT Test **********
11/09/2021 01:56:10 PM : INFO : ********** Completed Test_002_DDT_Login **********
11/09/2021 01:56:10 PM : INFO : ********** Completed Test_002_DDT_Login **********
11/09/2021 04:38:52 PM : INFO : ********** Test_003_AddCustomer **********
11/09/2021 04:39:03 PM : INFO : ********** Login Successful **********
11/09/2021 04:39:03 PM : INFO : **********  Starting Add Customer Test **********
11/09/2021 04:44:39 PM : INFO : ********** Test_003_AddCustomer **********
11/09/2021 04:44:51 PM : INFO : ********** Login Successful **********
11/09/2021 04:44:51 PM : INFO : **********  Starting Add Customer Test **********
11/09/2021 04:46:35 PM : INFO : ********** Test_003_AddCustomer **********
11/09/2021 04:46:42 PM : INFO : ********** Login Successful **********
11/09/2021 04:46:42 PM : INFO : **********  Starting Add Customer Test **********
11/09/2021 04:46:53 PM : INFO : **********  Providing Customer Info **********
11/09/2021 04:46:59 PM : INFO : **********  Saving Customer Info **********
11/09/2021 04:46:59 PM : INFO : **********  Add Customer validation started **********
11/09/2021 04:46:59 PM : INFO : **********  Add Customer Test Passed **********
11/09/2021 04:47:00 PM : INFO : **********  End of Test_003_AddCustomer Test **********
11/09/2021 04:47:21 PM : INFO : ********** Test_003_AddCustomer **********
11/09/2021 04:47:37 PM : INFO : ********** Login Successful **********
11/09/2021 04:47:37 PM : INFO : **********  Starting Add Customer Test **********
11/09/2021 04:47:50 PM : INFO : **********  Providing Customer Info **********
11/09/2021 04:47:55 PM : INFO : **********  Saving Customer Info **********
11/09/2021 04:47:55 PM : INFO : **********  Add Customer validation started **********
11/09/2021 04:47:56 PM : INFO : **********  Add Customer Test Passed **********
11/09/2021 04:47:56 PM : INFO : **********  End of Test_003_AddCustomer Test **********
11/09/2021 04:49:14 PM : INFO : ********** Test_003_AddCustomer **********
11/09/2021 04:49:26 PM : INFO : ********** Login Successful **********
11/09/2021 04:49:26 PM : INFO : **********  Starting Add Customer Test **********
11/09/2021 04:49:38 PM : INFO : **********  Providing Customer Info **********
11/09/2021 05:17:24 PM : INFO : ********** Test_004_SearchCustomerByEmail **********
11/09/2021 05:17:46 PM : INFO : ********** Login Successful **********
11/09/2021 05:17:46 PM : INFO : **********  Starting Search Customer By Email **********
11/09/2021 05:19:35 PM : INFO : ********** Test_004_SearchCustomerByEmail **********
11/09/2021 05:19:44 PM : INFO : ********** Login Successful **********
11/09/2021 05:19:44 PM : INFO : **********  Starting Search Customer By Email **********
11/09/2021 05:19:54 PM : INFO : **********  Starting Customer By Email **********
11/09/2021 05:21:30 PM : INFO : ********** Test_004_SearchCustomerByEmail **********
11/09/2021 05:21:42 PM : INFO : ********** Login Successful **********
11/09/2021 05:21:42 PM : INFO : **********  Starting Search Customer By Email **********
11/09/2021 05:21:52 PM : INFO : **********  Starting Customer By Email **********
11/09/2021 05:26:07 PM : INFO : ********** Test_004_SearchCustomerByEmail **********
11/09/2021 05:26:20 PM : INFO : ********** Login Successful **********
11/09/2021 05:26:20 PM : INFO : **********  Starting Search Customer By Email **********
11/09/2021 05:26:30 PM : INFO : **********  Starting Customer By Email **********
11/09/2021 05:28:40 PM : INFO : ********** Test_005_SearchCustomerByName **********
11/09/2021 05:29:05 PM : INFO : ********** Login Successful **********
11/09/2021 05:29:05 PM : INFO : **********  Starting Search Customer By Name **********
11/09/2021 05:29:15 PM : INFO : **********  Starting Customer By Name **********
12/09/2021 09:20:48 AM : INFO : ********** test_Login TC **********
12/09/2021 09:23:48 AM : INFO : ********** test_Login TC **********
12/09/2021 09:24:14 AM : INFO : ********** test_Login TC - Passed **********
12/09/2021 09:24:14 AM : INFO : ********** execution test_Login completed **********
12/09/2021 09:25:46 AM : INFO : ********** test_Login TC **********
12/09/2021 09:25:46 AM : INFO : ********** test_Login TC **********
12/09/2021 09:25:46 AM : INFO : ********** test_Login TC **********
12/09/2021 09:25:46 AM : INFO : ********** test_Login TC **********
12/09/2021 09:25:46 AM : INFO : ********** test_Login TC **********
12/09/2021 09:26:17 AM : INFO : ********** test_Login TC - Passed **********
12/09/2021 09:26:17 AM : INFO : ********** test_Login TC - Passed **********
12/09/2021 09:26:17 AM : INFO : ********** test_Login TC - Passed **********
12/09/2021 09:26:17 AM : INFO : ********** test_Login TC - Passed **********
12/09/2021 09:26:17 AM : INFO : ********** test_Login TC - Passed **********
12/09/2021 09:26:17 AM : INFO : ********** execution test_Login completed **********
12/09/2021 09:26:17 AM : INFO : ********** execution test_Login completed **********
12/09/2021 09:26:17 AM : INFO : ********** execution test_Login completed **********
12/09/2021 09:26:17 AM : INFO : ********** execution test_Login completed **********
12/09/2021 09:26:17 AM : INFO : ********** execution test_Login completed **********
12/09/2021 09:30:45 AM : INFO : ********** Test_003_AddCustomer **********
12/09/2021 09:30:45 AM : INFO : ********** Test_003_AddCustomer **********
12/09/2021 09:30:45 AM : INFO : ********** Test_003_AddCustomer **********
12/09/2021 09:30:45 AM : INFO : ********** Test_003_AddCustomer **********
12/09/2021 09:30:45 AM : INFO : ********** Test_003_AddCustomer **********
12/09/2021 09:30:55 AM : INFO : ********** Login Successful **********
12/09/2021 09:30:55 AM : INFO : ********** Login Successful **********
12/09/2021 09:30:55 AM : INFO : ********** Login Successful **********
12/09/2021 09:30:55 AM : INFO : ********** Login Successful **********
12/09/2021 09:30:55 AM : INFO : ********** Login Successful **********
12/09/2021 09:30:55 AM : INFO : ********** Starting Add Customer Test **********
12/09/2021 09:30:55 AM : INFO : ********** Starting Add Customer Test **********
12/09/2021 09:30:55 AM : INFO : ********** Starting Add Customer Test **********
12/09/2021 09:30:55 AM : INFO : ********** Starting Add Customer Test **********
12/09/2021 09:30:55 AM : INFO : ********** Starting Add Customer Test **********
12/09/2021 09:31:09 AM : INFO : ********** Providing Customer Info **********
12/09/2021 09:31:09 AM : INFO : ********** Providing Customer Info **********
12/09/2021 09:31:09 AM : INFO : ********** Providing Customer Info **********
12/09/2021 09:31:09 AM : INFO : ********** Providing Customer Info **********
12/09/2021 09:31:09 AM : INFO : ********** Providing Customer Info **********
12/09/2021 09:31:16 AM : INFO : ********** Saving Customer Info **********
12/09/2021 09:31:16 AM : INFO : ********** Saving Customer Info **********
12/09/2021 09:31:16 AM : INFO : ********** Saving Customer Info **********
12/09/2021 09:31:16 AM : INFO : ********** Saving Customer Info **********
12/09/2021 09:31:16 AM : INFO : ********** Saving Customer Info **********
12/09/2021 09:31:16 AM : INFO : ********** Add Customer validation started **********
12/09/2021 09:31:16 AM : INFO : ********** Add Customer validation started **********
12/09/2021 09:31:16 AM : INFO : ********** Add Customer validation started **********
12/09/2021 09:31:16 AM : INFO : ********** Add Customer validation started **********
12/09/2021 09:31:16 AM : INFO : ********** Add Customer validation started **********
12/09/2021 09:31:16 AM : INFO : ********** Add Customer Test Passed **********
12/09/2021 09:31:16 AM : INFO : ********** Add Customer Test Passed **********
12/09/2021 09:31:16 AM : INFO : ********** Add Customer Test Passed **********
12/09/2021 09:31:16 AM : INFO : ********** Add Customer Test Passed **********
12/09/2021 09:31:16 AM : INFO : ********** Add Customer Test Passed **********
12/09/2021 09:31:17 AM : INFO : ********** End of Test_003_AddCustomer Test **********
12/09/2021 09:31:17 AM : INFO : ********** End of Test_003_AddCustomer Test **********
12/09/2021 09:31:17 AM : INFO : ********** End of Test_003_AddCustomer Test **********
12/09/2021 09:31:17 AM : INFO : ********** End of Test_003_AddCustomer Test **********
12/09/2021 09:31:17 AM : INFO : ********** End of Test_003_AddCustomer Test **********
12/09/2021 09:31:22 AM : INFO : ********** Test_001_Login **********
12/09/2021 09:31:22 AM : INFO : ********** Test_001_Login **********
12/09/2021 09:31:22 AM : INFO : ********** Test_001_Login **********
12/09/2021 09:31:22 AM : INFO : ********** Test_001_Login **********
12/09/2021 09:31:22 AM : INFO : ********** Test_001_Login **********
12/09/2021 09:31:22 AM : INFO : ********** Verifying test_homePageTitle TC **********
12/09/2021 09:31:22 AM : INFO : ********** Verifying test_homePageTitle TC **********
12/09/2021 09:31:22 AM : INFO : ********** Verifying test_homePageTitle TC **********
12/09/2021 09:31:22 AM : INFO : ********** Verifying test_homePageTitle TC **********
12/09/2021 09:31:22 AM : INFO : ********** Verifying test_homePageTitle TC **********
12/09/2021 09:31:29 AM : INFO : ********** test_homePageTitle TC - Passed **********
12/09/2021 09:31:29 AM : INFO : ********** test_homePageTitle TC - Passed **********
12/09/2021 09:31:29 AM : INFO : ********** test_homePageTitle TC - Passed **********
12/09/2021 09:31:29 AM : INFO : ********** test_homePageTitle TC - Passed **********
12/09/2021 09:31:29 AM : INFO : ********** test_homePageTitle TC - Passed **********
12/09/2021 09:31:29 AM : INFO : ********** execution test_homePageTitle completed **********
12/09/2021 09:31:29 AM : INFO : ********** execution test_homePageTitle completed **********
12/09/2021 09:31:29 AM : INFO : ********** execution test_homePageTitle completed **********
12/09/2021 09:31:29 AM : INFO : ********** execution test_homePageTitle completed **********
12/09/2021 09:31:29 AM : INFO : ********** execution test_homePageTitle completed **********
12/09/2021 09:31:35 AM : INFO : ********** test_Login TC **********
12/09/2021 09:31:35 AM : INFO : ********** test_Login TC **********
12/09/2021 09:31:35 AM : INFO : ********** test_Login TC **********
12/09/2021 09:31:35 AM : INFO : ********** test_Login TC **********
12/09/2021 09:31:35 AM : INFO : ********** test_Login TC **********
12/09/2021 09:31:45 AM : INFO : ********** test_Login TC - Passed **********
12/09/2021 09:31:45 AM : INFO : ********** test_Login TC - Passed **********
12/09/2021 09:31:45 AM : INFO : ********** test_Login TC - Passed **********
12/09/2021 09:31:45 AM : INFO : ********** test_Login TC - Passed **********
12/09/2021 09:31:45 AM : INFO : ********** test_Login TC - Passed **********
12/09/2021 09:31:45 AM : INFO : ********** execution test_Login completed **********
12/09/2021 09:31:45 AM : INFO : ********** execution test_Login completed **********
12/09/2021 09:31:45 AM : INFO : ********** execution test_Login completed **********
12/09/2021 09:31:45 AM : INFO : ********** execution test_Login completed **********
12/09/2021 09:31:45 AM : INFO : ********** execution test_Login completed **********
12/09/2021 09:31:51 AM : INFO : ********** Test_002_DDT_Login **********
12/09/2021 09:31:51 AM : INFO : ********** Test_002_DDT_Login **********
12/09/2021 09:31:51 AM : INFO : ********** Test_002_DDT_Login **********
12/09/2021 09:31:51 AM : INFO : ********** Test_002_DDT_Login **********
12/09/2021 09:31:51 AM : INFO : ********** Test_002_DDT_Login **********
12/09/2021 09:31:51 AM : INFO : ********** Verifying Login DDT Test - Started **********
12/09/2021 09:31:51 AM : INFO : ********** Verifying Login DDT Test - Started **********
12/09/2021 09:31:51 AM : INFO : ********** Verifying Login DDT Test - Started **********
12/09/2021 09:31:51 AM : INFO : ********** Verifying Login DDT Test - Started **********
12/09/2021 09:31:51 AM : INFO : ********** Verifying Login DDT Test - Started **********
12/09/2021 09:32:08 AM : INFO : ********** Verifying Login DDT Test - Passed **********
12/09/2021 09:32:08 AM : INFO : ********** Verifying Login DDT Test - Passed **********
12/09/2021 09:32:08 AM : INFO : ********** Verifying Login DDT Test - Passed **********
12/09/2021 09:32:08 AM : INFO : ********** Verifying Login DDT Test - Passed **********
12/09/2021 09:32:08 AM : INFO : ********** Verifying Login DDT Test - Passed **********
12/09/2021 09:32:16 AM : INFO : ********** Verifying Login DDT Test - Passed **********
12/09/2021 09:32:16 AM : INFO : ********** Verifying Login DDT Test - Passed **********
12/09/2021 09:32:16 AM : INFO : ********** Verifying Login DDT Test - Passed **********
12/09/2021 09:32:16 AM : INFO : ********** Verifying Login DDT Test - Passed **********
12/09/2021 09:32:16 AM : INFO : ********** Verifying Login DDT Test - Passed **********
12/09/2021 09:32:23 AM : INFO : ********** Verifying Login DDT Test - Passed **********
12/09/2021 09:32:23 AM : INFO : ********** Verifying Login DDT Test - Passed **********
12/09/2021 09:32:23 AM : INFO : ********** Verifying Login DDT Test - Passed **********
12/09/2021 09:32:23 AM : INFO : ********** Verifying Login DDT Test - Passed **********
12/09/2021 09:32:23 AM : INFO : ********** Verifying Login DDT Test - Passed **********
12/09/2021 09:32:29 AM : INFO : ********** Verifying Login DDT Test - Passed **********
12/09/2021 09:32:29 AM : INFO : ********** Verifying Login DDT Test - Passed **********
12/09/2021 09:32:29 AM : INFO : ********** Verifying Login DDT Test - Passed **********
12/09/2021 09:32:29 AM : INFO : ********** Verifying Login DDT Test - Passed **********
12/09/2021 09:32:29 AM : INFO : ********** Verifying Login DDT Test - Passed **********
12/09/2021 09:32:29 AM : INFO : ********** Final - Login DDT Test - Passed **********
12/09/2021 09:32:29 AM : INFO : ********** Final - Login DDT Test - Passed **********
12/09/2021 09:32:29 AM : INFO : ********** Final - Login DDT Test - Passed **********
12/09/2021 09:32:29 AM : INFO : ********** Final - Login DDT Test - Passed **********
12/09/2021 09:32:29 AM : INFO : ********** Final - Login DDT Test - Passed **********
12/09/2021 09:32:29 AM : INFO : ********** End of Login DDT Test **********
12/09/2021 09:32:29 AM : INFO : ********** End of Login DDT Test **********
12/09/2021 09:32:29 AM : INFO : ********** End of Login DDT Test **********
12/09/2021 09:32:29 AM : INFO : ********** End of Login DDT Test **********
12/09/2021 09:32:29 AM : INFO : ********** End of Login DDT Test **********
12/09/2021 09:32:29 AM : INFO : ********** Completed Test_002_DDT_Login **********
12/09/2021 09:32:29 AM : INFO : ********** Completed Test_002_DDT_Login **********
12/09/2021 09:32:29 AM : INFO : ********** Completed Test_002_DDT_Login **********
12/09/2021 09:32:29 AM : INFO : ********** Completed Test_002_DDT_Login **********
12/09/2021 09:32:29 AM : INFO : ********** Completed Test_002_DDT_Login **********
12/09/2021 09:32:35 AM : INFO : ********** Test_004_SearchCustomerByEmail **********
12/09/2021 09:32:35 AM : INFO : ********** Test_004_SearchCustomerByEmail **********
12/09/2021 09:32:35 AM : INFO : ********** Test_004_SearchCustomerByEmail **********
12/09/2021 09:32:35 AM : INFO : ********** Test_004_SearchCustomerByEmail **********
12/09/2021 09:32:35 AM : INFO : ********** Test_004_SearchCustomerByEmail **********
12/09/2021 09:32:44 AM : INFO : ********** Login Successful **********
12/09/2021 09:32:44 AM : INFO : ********** Login Successful **********
12/09/2021 09:32:44 AM : INFO : ********** Login Successful **********
12/09/2021 09:32:44 AM : INFO : ********** Login Successful **********
12/09/2021 09:32:44 AM : INFO : ********** Login Successful **********
12/09/2021 09:32:44 AM : INFO : **********  Starting Search Customer By Email **********
12/09/2021 09:32:44 AM : INFO : **********  Starting Search Customer By Email **********
12/09/2021 09:32:44 AM : INFO : **********  Starting Search Customer By Email **********
12/09/2021 09:32:44 AM : INFO : **********  Starting Search Customer By Email **********
12/09/2021 09:32:44 AM : INFO : **********  Starting Search Customer By Email **********
12/09/2021 09:32:54 AM : INFO : **********  Starting Customer By Email **********
12/09/2021 09:32:54 AM : INFO : **********  Starting Customer By Email **********
12/09/2021 09:32:54 AM : INFO : **********  Starting Customer By Email **********
12/09/2021 09:32:54 AM : INFO : **********  Starting Customer By Email **********
12/09/2021 09:32:54 AM : INFO : **********  Starting Customer By Email **********
12/09/2021 09:33:05 AM : INFO : ********** Test_005_SearchCustomerByName **********
12/09/2021 09:33:05 AM : INFO : ********** Test_005_SearchCustomerByName **********
12/09/2021 09:33:05 AM : INFO : ********** Test_005_SearchCustomerByName **********
12/09/2021 09:33:05 AM : INFO : ********** Test_005_SearchCustomerByName **********
12/09/2021 09:33:05 AM : INFO : ********** Test_005_SearchCustomerByName **********
12/09/2021 09:33:17 AM : INFO : ********** Login Successful **********
12/09/2021 09:33:17 AM : INFO : ********** Login Successful **********
12/09/2021 09:33:17 AM : INFO : ********** Login Successful **********
12/09/2021 09:33:17 AM : INFO : ********** Login Successful **********
12/09/2021 09:33:17 AM : INFO : ********** Login Successful **********
12/09/2021 09:33:17 AM : INFO : **********  Starting Search Customer By Name **********
12/09/2021 09:33:17 AM : INFO : **********  Starting Search Customer By Name **********
12/09/2021 09:33:17 AM : INFO : **********  Starting Search Customer By Name **********
12/09/2021 09:33:17 AM : INFO : **********  Starting Search Customer By Name **********
12/09/2021 09:33:17 AM : INFO : **********  Starting Search Customer By Name **********
12/09/2021 09:33:30 AM : INFO : **********  Starting Customer By Name **********
12/09/2021 09:33:30 AM : INFO : **********  Starting Customer By Name **********
12/09/2021 09:33:30 AM : INFO : **********  Starting Customer By Name **********
12/09/2021 09:33:30 AM : INFO : **********  Starting Customer By Name **********
12/09/2021 09:33:30 AM : INFO : **********  Starting Customer By Name **********
12/09/2021 10:04:54 AM : INFO : ********** Test_003_AddCustomer **********
12/09/2021 10:04:54 AM : INFO : ********** Test_003_AddCustomer **********
12/09/2021 10:04:54 AM : INFO : ********** Test_003_AddCustomer **********
12/09/2021 10:04:54 AM : INFO : ********** Test_003_AddCustomer **********
12/09/2021 10:04:54 AM : INFO : ********** Test_003_AddCustomer **********
12/09/2021 10:05:06 AM : INFO : ********** Login Successful **********
12/09/2021 10:05:06 AM : INFO : ********** Login Successful **********
12/09/2021 10:05:06 AM : INFO : ********** Login Successful **********
12/09/2021 10:05:06 AM : INFO : ********** Login Successful **********
12/09/2021 10:05:06 AM : INFO : ********** Login Successful **********
12/09/2021 10:05:06 AM : INFO : ********** Starting Add Customer Test **********
12/09/2021 10:05:06 AM : INFO : ********** Starting Add Customer Test **********
12/09/2021 10:05:06 AM : INFO : ********** Starting Add Customer Test **********
12/09/2021 10:05:06 AM : INFO : ********** Starting Add Customer Test **********
12/09/2021 10:05:06 AM : INFO : ********** Starting Add Customer Test **********
12/09/2021 10:05:18 AM : INFO : ********** Providing Customer Info **********
12/09/2021 10:05:18 AM : INFO : ********** Providing Customer Info **********
12/09/2021 10:05:18 AM : INFO : ********** Providing Customer Info **********
12/09/2021 10:05:18 AM : INFO : ********** Providing Customer Info **********
12/09/2021 10:05:18 AM : INFO : ********** Providing Customer Info **********
12/09/2021 10:05:23 AM : INFO : ********** Saving Customer Info **********
12/09/2021 10:05:23 AM : INFO : ********** Saving Customer Info **********
12/09/2021 10:05:23 AM : INFO : ********** Saving Customer Info **********
12/09/2021 10:05:23 AM : INFO : ********** Saving Customer Info **********
12/09/2021 10:05:23 AM : INFO : ********** Saving Customer Info **********
12/09/2021 10:05:23 AM : INFO : ********** Add Customer validation started **********
12/09/2021 10:05:23 AM : INFO : ********** Add Customer validation started **********
12/09/2021 10:05:23 AM : INFO : ********** Add Customer validation started **********
12/09/2021 10:05:23 AM : INFO : ********** Add Customer validation started **********
12/09/2021 10:05:23 AM : INFO : ********** Add Customer validation started **********
12/09/2021 10:05:23 AM : INFO : ********** Add Customer Test Passed **********
12/09/2021 10:05:23 AM : INFO : ********** Add Customer Test Passed **********
12/09/2021 10:05:23 AM : INFO : ********** Add Customer Test Passed **********
12/09/2021 10:05:23 AM : INFO : ********** Add Customer Test Passed **********
12/09/2021 10:05:23 AM : INFO : ********** Add Customer Test Passed **********
12/09/2021 10:05:24 AM : INFO : ********** End of Test_003_AddCustomer Test **********
12/09/2021 10:05:24 AM : INFO : ********** End of Test_003_AddCustomer Test **********
12/09/2021 10:05:24 AM : INFO : ********** End of Test_003_AddCustomer Test **********
12/09/2021 10:05:24 AM : INFO : ********** End of Test_003_AddCustomer Test **********
12/09/2021 10:05:24 AM : INFO : ********** End of Test_003_AddCustomer Test **********
12/09/2021 10:05:30 AM : INFO : ********** test_Login TC **********
12/09/2021 10:05:30 AM : INFO : ********** test_Login TC **********
12/09/2021 10:05:30 AM : INFO : ********** test_Login TC **********
12/09/2021 10:05:30 AM : INFO : ********** test_Login TC **********
12/09/2021 10:05:30 AM : INFO : ********** test_Login TC **********
12/09/2021 10:05:43 AM : INFO : ********** test_Login TC - Passed **********
12/09/2021 10:05:43 AM : INFO : ********** test_Login TC - Passed **********
12/09/2021 10:05:43 AM : INFO : ********** test_Login TC - Passed **********
12/09/2021 10:05:43 AM : INFO : ********** test_Login TC - Passed **********
12/09/2021 10:05:43 AM : INFO : ********** test_Login TC - Passed **********
12/09/2021 10:05:43 AM : INFO : ********** execution test_Login completed **********
12/09/2021 10:05:43 AM : INFO : ********** execution test_Login completed **********
12/09/2021 10:05:43 AM : INFO : ********** execution test_Login completed **********
12/09/2021 10:05:43 AM : INFO : ********** execution test_Login completed **********
12/09/2021 10:05:43 AM : INFO : ********** execution test_Login completed **********
12/09/2021 10:07:11 AM : INFO : ********** Test_003_AddCustomer **********
12/09/2021 10:07:11 AM : INFO : ********** Test_003_AddCustomer **********
12/09/2021 10:07:11 AM : INFO : ********** Test_003_AddCustomer **********
12/09/2021 10:07:11 AM : INFO : ********** Test_003_AddCustomer **********
12/09/2021 10:07:11 AM : INFO : ********** Test_003_AddCustomer **********
12/09/2021 10:07:21 AM : INFO : ********** Login Successful **********
12/09/2021 10:07:21 AM : INFO : ********** Login Successful **********
12/09/2021 10:07:21 AM : INFO : ********** Login Successful **********
12/09/2021 10:07:21 AM : INFO : ********** Login Successful **********
12/09/2021 10:07:21 AM : INFO : ********** Login Successful **********
12/09/2021 10:07:21 AM : INFO : ********** Starting Add Customer Test **********
12/09/2021 10:07:21 AM : INFO : ********** Starting Add Customer Test **********
12/09/2021 10:07:21 AM : INFO : ********** Starting Add Customer Test **********
12/09/2021 10:07:21 AM : INFO : ********** Starting Add Customer Test **********
12/09/2021 10:07:21 AM : INFO : ********** Starting Add Customer Test **********
12/09/2021 10:07:33 AM : INFO : ********** Providing Customer Info **********
12/09/2021 10:07:33 AM : INFO : ********** Providing Customer Info **********
12/09/2021 10:07:33 AM : INFO : ********** Providing Customer Info **********
12/09/2021 10:07:33 AM : INFO : ********** Providing Customer Info **********
12/09/2021 10:07:33 AM : INFO : ********** Providing Customer Info **********
12/09/2021 10:07:38 AM : INFO : ********** Saving Customer Info **********
12/09/2021 10:07:38 AM : INFO : ********** Saving Customer Info **********
12/09/2021 10:07:38 AM : INFO : ********** Saving Customer Info **********
12/09/2021 10:07:38 AM : INFO : ********** Saving Customer Info **********
12/09/2021 10:07:38 AM : INFO : ********** Saving Customer Info **********
12/09/2021 10:07:38 AM : INFO : ********** Add Customer validation started **********
12/09/2021 10:07:38 AM : INFO : ********** Add Customer validation started **********
12/09/2021 10:07:38 AM : INFO : ********** Add Customer validation started **********
12/09/2021 10:07:38 AM : INFO : ********** Add Customer validation started **********
12/09/2021 10:07:38 AM : INFO : ********** Add Customer validation started **********
12/09/2021 10:07:38 AM : INFO : ********** Add Customer Test Passed **********
12/09/2021 10:07:38 AM : INFO : ********** Add Customer Test Passed **********
12/09/2021 10:07:38 AM : INFO : ********** Add Customer Test Passed **********
12/09/2021 10:07:38 AM : INFO : ********** Add Customer Test Passed **********
12/09/2021 10:07:38 AM : INFO : ********** Add Customer Test Passed **********
12/09/2021 10:07:39 AM : INFO : ********** End of Test_003_AddCustomer Test **********
12/09/2021 10:07:39 AM : INFO : ********** End of Test_003_AddCustomer Test **********
12/09/2021 10:07:39 AM : INFO : ********** End of Test_003_AddCustomer Test **********
12/09/2021 10:07:39 AM : INFO : ********** End of Test_003_AddCustomer Test **********
12/09/2021 10:07:39 AM : INFO : ********** End of Test_003_AddCustomer Test **********
12/09/2021 10:07:45 AM : INFO : ********** test_Login TC **********
12/09/2021 10:07:45 AM : INFO : ********** test_Login TC **********
12/09/2021 10:07:45 AM : INFO : ********** test_Login TC **********
12/09/2021 10:07:45 AM : INFO : ********** test_Login TC **********
12/09/2021 10:07:45 AM : INFO : ********** test_Login TC **********
12/09/2021 10:07:58 AM : INFO : ********** test_Login TC - Passed **********
12/09/2021 10:07:58 AM : INFO : ********** test_Login TC - Passed **********
12/09/2021 10:07:58 AM : INFO : ********** test_Login TC - Passed **********
12/09/2021 10:07:58 AM : INFO : ********** test_Login TC - Passed **********
12/09/2021 10:07:58 AM : INFO : ********** test_Login TC - Passed **********
12/09/2021 10:07:58 AM : INFO : ********** execution test_Login completed **********
12/09/2021 10:07:58 AM : INFO : ********** execution test_Login completed **********
12/09/2021 10:07:58 AM : INFO : ********** execution test_Login completed **********
12/09/2021 10:07:58 AM : INFO : ********** execution test_Login completed **********
12/09/2021 10:07:58 AM : INFO : ********** execution test_Login completed **********
